
连接到: Oracle Database 11g Enterprise Edition Release 11.2.0.1.0 - 64bit Production
With the Partitioning, OLAP, Data Mining and Real Application Testing options

经由常规路径由 EXPORT:V11.02.00 创建的导出文件
已经完成 ZHS16GBK 字符集和 AL16UTF16 NCHAR 字符集中的导入
. 正在将 BANDWEAVER 的对象导入到 BANDWEAVER
. . 正在导入表              "ACT_GE_BYTEARRAY"导入了           8 行
. . 正在导入表               "ACT_GE_PROPERTY"导入了           3 行
. . 正在导入表                "ACT_HI_ACTINST"导入了         217 行
. . 正在导入表                "ACT_HI_COMMENT"导入了          12 行
. . 正在导入表           "ACT_HI_IDENTITYLINK"导入了          65 行
. . 正在导入表               "ACT_HI_PROCINST"导入了          65 行
. . 正在导入表               "ACT_HI_TASKINST"导入了         141 行
. . 正在导入表                "ACT_HI_VARINST"导入了         100 行
. . 正在导入表             "ACT_RE_DEPLOYMENT"导入了           4 行
. . 正在导入表                "ACT_RE_PROCDEF"导入了           4 行
. . 正在导入表              "ACT_RU_EXECUTION"导入了          54 行
. . 正在导入表           "ACT_RU_IDENTITYLINK"导入了          54 行
. . 正在导入表                   "ACT_RU_TASK"导入了          54 行
. . 正在导入表               "ACT_RU_VARIABLE"导入了          81 行
. . 正在导入表                 "T_COMMON_AREA"导入了          18 行
. . 正在导入表              "T_COMMON_COMPANY"导入了           5 行
. . 正在导入表         "T_COMMON_COMPANY_DEPT"导入了           4 行
. . 正在导入表                 "T_COMMON_DEPT"导入了           4 行
. . 正在导入表            "T_COMMON_FILE_INFO"导入了           1 行
. . 正在导入表             "T_COMMON_POSITION"导入了           5 行
. . 正在导入表         "T_COMMON_SCHEDULE_JOB"导入了          10 行
. . 正在导入表              "T_COMMON_SECTION"导入了         288 行
. . 正在导入表                "T_COMMON_STAFF"导入了           5 行
. . 正在导入表                "T_COMMON_STORE"导入了          16 行
. . 正在导入表           "T_COMMON_STORE_TYPE"导入了          16 行
. . 正在导入表               "T_COMMON_TUNNEL"导入了           6 行
. . 正在导入表                     "T_EM_PLAN"导入了           8 行
. . 正在导入表             "T_EM_RELATED_UNIT"导入了           1 行
. . 正在导入表          "T_MAM_MAXVIEW_CONFIG"导入了           1 行
. . 正在导入表                 "T_MAM_MEASOBJ"导入了        1714 行
. . 正在导入表              "T_MAM_MEASOBJ_AI"导入了         499 行
. . 正在导入表          "T_MAM_MEASOBJ_REPORT"导入了       19314 行
. . 正在导入表              "T_MAM_MEASOBJ_SI"导入了         767 行
. . 正在导入表              "T_MAM_MEASOBJ_SO"导入了           2 行
. . 正在导入表            "T_MAM_MEASVALUE_AI"导入了      296773 行
. . 正在导入表                   "T_MAM_VIDEO"导入了         447 行
. . 正在导入表      "T_MAM_VIDEO_EXTEND_SCENE"导入了           3 行
. . 正在导入表            "T_MAM_VIDEO_PRESET"导入了          19 行
. . 正在导入表             "T_MAM_VIDEO_SCENE"导入了           1 行
. . 正在导入表            "T_MAM_VIDEO_SERVER"导入了           1 行
. . 正在导入表                   "T_OAM_CABLE"导入了           3 行
. . 正在导入表          "T_OAM_CABLE_CONTRACT"导入了           3 行
. . 正在导入表           "T_OAM_CABLE_SECTION"导入了           8 行
. . 正在导入表                 "T_OAM_CONSUME"导入了          26 行
. . 正在导入表            "T_OAM_CONSUME_DATA"导入了        1196 行
. . 正在导入表                "T_OAM_CUSTOMER"导入了           6 行
. . 正在导入表                   "T_OAM_EVENT"导入了           2 行
. . 正在导入表             "T_OAM_REQ_HISTORY"导入了           3 行
. . 正在导入表           "T_OMM_CHECKINGPOINT"导入了           4 行
. . 正在导入表                  "T_OMM_DEFECT"导入了           3 行
. . 正在导入表               "T_OMM_EQUIPMENT"导入了          31 行
. . 正在导入表         "T_OMM_EQUIPMENT_MODEL"导入了           4 行
. . 正在导入表        "T_OMM_EQUIPMENT_STATUS"导入了           2 行
. . 正在导入表          "T_OMM_EQUIPMENT_TYPE"导入了           6 行
. . 正在导入表        "T_OMM_EQUIPMENT_VENDER"导入了           3 行
. . 正在导入表        "T_OMM_INSPECTION_GROUP"导入了           3 行
. . 正在导入表   "T_OMM_INSPECTION_GROUP_USER"导入了           3 行
. . 正在导入表         "T_OMM_INSPECTION_PLAN"导入了           8 行
. . 正在导入表       "T_OMM_INSPECTION_RECORD"导入了           3 行
. . 正在导入表         "T_OMM_INSPECTION_TASK"导入了          24 行
. . 正在导入表       "T_OMM_MAINTENANCE_ORDER"导入了           3 行
. . 正在导入表               "T_OPERATION_LOG"导入了         117 行
. . 正在导入表         "T_SECURITY_PERMISSION"导入了           8 行
. . 正在导入表               "T_SECURITY_ROLE"导入了           4 行
. . 正在导入表    "T_SECURITY_ROLE_PERMISSION"导入了           5 行
. . 正在导入表               "T_SECURITY_USER"导入了           4 行
. . 正在导入表          "T_SECURITY_USER_ROLE"导入了           4 行
IMP-00017: 由于 ORACLE 错误 942, 以下语句失败:
 "CREATE TRIGGER "BANDWEAVER".OAM_ENERGY_TG"
 "  BEFORE INSERT ON T_OAM_ENERGY"
 "  FOR EACH ROW"
 "  WHEN (new.id is null)"
 "begin"
 "  select OAM_ENERGY_SEQUENCE.nextval into :new.id from dual;"
 "end OAM_ENERGY_TG;"
IMP-00003: 遇到 ORACLE 错误 942
ORA-00942: 表或视图不存在
IMP-00017: 由于 ORACLE 错误 942, 以下语句失败:
 "CREATE TRIGGER "BANDWEAVER".MAM_ALARM_TG"
 "  BEFORE INSERT ON T_MAM_ALARM"
 "  FOR EACH ROW"
 "  WHEN (new.id is null)"
 "begin"
 "  select MAM_ALARM_SEQUENCE.nextval into :new.id from dual;"
 "end MAM_ALARM_TG;"
IMP-00003: 遇到 ORACLE 错误 942
ORA-00942: 表或视图不存在
IMP-00017: 由于 ORACLE 错误 942, 以下语句失败:
 "CREATE TRIGGER "BANDWEAVER".MAM_MEASVALUE_TABDICT_TG"
 "  BEFORE INSERT ON T_MAM_MEASVALUE_TABDICT"
 "  FOR EACH ROW"
 "  WHEN (new.id is null)"
 "begin"
 "  select MAM_MEASVALUE_TABDICT_SEQUENCE.nextval into :new.id from dual;"
 "end MAM_MEASVALUE_TABDICT_TG;"
IMP-00003: 遇到 ORACLE 错误 942
ORA-00942: 表或视图不存在
IMP-00017: 由于 ORACLE 错误 942, 以下语句失败:
 "CREATE TRIGGER "BANDWEAVER".COMMON_MYTASK_TG"
 "  BEFORE INSERT ON T_COMMON_MYTASK"
 "  FOR EACH ROW"
 "  WHEN (new.id is null)"
 "begin"
 "  select COMMON_MYTASK_SEQUENCE.nextval into :new.id from dual;"
 "end COMMON_MYTASK_TG;"
IMP-00003: 遇到 ORACLE 错误 942
ORA-00942: 表或视图不存在
IMP-00017: 由于 ORACLE 错误 942, 以下语句失败:
 "CREATE TRIGGER "BANDWEAVER".MAM_MEASOBJ_MAP_TG"
 "  BEFORE INSERT ON T_MAM_MEASOBJ_MAP"
 "  FOR EACH ROW"
 "  WHEN (new.id is null)"
 "begin"
 "  select MAM_MEASOBJ_MAP_SQ.nextval into :new.id from dual;"
 "end MAM_MEASOBJ_MAP_TG;"
IMP-00003: 遇到 ORACLE 错误 942
ORA-00942: 表或视图不存在
IMP-00017: 由于 ORACLE 错误 942, 以下语句失败:
 "CREATE TRIGGER "BANDWEAVER".OMM_INSTRUMENT_TG"
 "  BEFORE INSERT ON T_OMM_INSTRUMENT"
 "  FOR EACH ROW"
 "  WHEN (new.id is null)"
 "begin"
 "  select OMM_INSTRUMENT_SQ.nextval into :new.id from dual;"
 "end OMM_INSTRUMENT_TG;"
IMP-00003: 遇到 ORACLE 错误 942
ORA-00942: 表或视图不存在
IMP-00017: 由于 ORACLE 错误 942, 以下语句失败:
 "CREATE TRIGGER "BANDWEAVER".OMM_INSTRUMENT_RECORD_TG"
 "  BEFORE INSERT ON T_OMM_INSTRUMENT_RECORD"
 "  FOR EACH ROW"
 "  WHEN (new.id is null)"
 "begin"
 "  select OMM_INSTRUMENT_RECORD_SQ.nextval into :new.id from dual;"
 "end OMM_INSTRUMENT_RECORD_TG;"
IMP-00003: 遇到 ORACLE 错误 942
ORA-00942: 表或视图不存在
IMP-00017: 由于 ORACLE 错误 942, 以下语句失败:
 "CREATE TRIGGER "BANDWEAVER".OMM_SPARE_TG"
 "  BEFORE INSERT ON T_OMM_SPARE"
 "  FOR EACH ROW"
 "  WHEN (new.id is null)"
 "begin"
 "  select OMM_SPARE_SQ.nextval into :new.id from dual;"
 "end OMM_SPARE_TG;"
IMP-00003: 遇到 ORACLE 错误 942
ORA-00942: 表或视图不存在
即将启用约束条件...
成功终止导入, 但出现警告。
