
SQL*Plus: Release 11.2.0.1.0 Production on 星期三 4月 18 10:37:25 2018

Copyright (c) 1982, 2010, Oracle.  All rights reserved.


连接到: 
Oracle Database 11g Enterprise Edition Release 11.2.0.1.0 - 64bit Production
With the Partitioning, OLAP, Data Mining and Real Application Testing options

SQL> SQL> 
表已删除。

SQL> SQL> 
表已删除。

SQL> SQL> 
表已删除。

SQL> SQL> 
表已删除。

SQL> SQL> 
表已删除。

SQL> SQL> 
表已删除。

SQL> SQL> 
表已删除。

SQL> SQL> 
表已删除。

SQL> SQL> 
表已删除。

SQL> SQL> 
表已删除。

SQL> SQL> 
表已删除。

SQL> SQL> 
表已删除。

SQL> SQL> 
表已删除。

SQL> SQL>   2    3    4    5    6    7    8    9   10   11   12   13   14   15   16  
表已创建。

SQL>   2    3    4    5    6    7  
表已更改。

SQL> SQL> SQL>   2    3    4    5    6    7    8    9   10   11   12   13   14   15   16   17  
表已创建。

SQL>   2    3    4    5    6    7  
表已更改。

SQL> SQL> SQL>   2    3    4    5    6    7    8    9   10   11   12   13   14   15   16   17   18   19   20   21   22   23  
表已创建。

SQL> SQL> SQL>   2    3    4    5    6    7    8    9   10   11   12   13   14   15   16  
表已创建。

SQL>   2  
注释已创建。

SQL>   2    3    4    5    6    7  
表已更改。

SQL> SQL> SQL>   2    3    4    5    6    7    8    9   10   11   12   13   14   15   16  
表已创建。

SQL>   2  
注释已创建。

SQL>   2    3    4    5    6    7  
表已更改。

SQL> SQL> SQL>   2    3    4    5    6    7    8    9   10   11   12   13   14   15   16  
表已创建。

SQL>   2  
注释已创建。

SQL>   2    3    4    5    6    7  
表已更改。

SQL> SQL> SQL>   2    3    4    5    6    7    8    9   10   11   12   13   14   15   16  
表已创建。

SQL>   2  
注释已创建。

SQL>   2    3    4    5    6    7  
表已更改。

SQL> SQL> SQL>   2    3    4    5    6    7    8    9   10   11   12   13   14   15   16   17  
表已创建。

SQL>   2  
注释已创建。

SQL>   2  
注释已创建。

SQL>   2    3    4    5    6    7  
表已更改。

SQL> SQL> SQL>   2    3    4    5    6    7    8    9   10   11   12   13   14   15   16   17  
表已创建。

SQL>   2  
注释已创建。

SQL>   2  
注释已创建。

SQL>   2    3    4    5    6    7  
表已更改。

SQL> SQL> SQL>   2    3    4    5    6    7    8    9   10   11   12   13   14   15   16  
表已创建。

SQL>   2  
注释已创建。

SQL>   2    3    4    5    6    7  
表已更改。

SQL> SQL> SQL>   2    3    4    5    6    7    8    9   10   11   12   13   14   15   16   17  
表已创建。

SQL>   2    3    4    5    6    7  
表已更改。

SQL> SQL> SQL>   2    3    4    5    6    7    8    9   10   11   12   13   14   15   16   17  
表已创建。

SQL>   2    3    4    5    6    7  
表已更改。

SQL> SQL> SQL>   2    3    4    5    6    7    8    9   10   11   12   13   14   15   16  
表已创建。

SQL>   2    3    4    5    6    7  
表已更改。

SQL> SQL> SQL> 
表已更改。

SQL> SQL> 
表已更改。

SQL> SQL> 
表已更改。

SQL> SQL> 
表已更改。

SQL> SQL> 
表已更改。

SQL> SQL> 
表已更改。

SQL> SQL> 
表已更改。

SQL> SQL> 
表已更改。

SQL> SQL> 
表已更改。

SQL> SQL> 
表已更改。

SQL> SQL> 
表已更改。

SQL> SQL> 
表已更改。

SQL> SQL> 
表已更改。

SQL> SQL> SQL> SQL> SQL> SQL> SQL> SQL> SQL> SQL> SQL> SQL> SQL> SQL> SQL> SQL> SQL> SQL> SQL> SQL> SQL> SQL> SQL> SQL> SQL> SQL> SQL> SQL> 
表已更改。

SQL> SQL> 
表已更改。

SQL> SQL> 
表已更改。

SQL> SQL> 
表已更改。

SQL> SQL> 
表已更改。

SQL> SQL> 
表已更改。

SQL> SQL> 
表已更改。

SQL> SQL> 
表已更改。

SQL> SQL> 
表已更改。

SQL> SQL> 
表已更改。

SQL> SQL> 
表已更改。

SQL> SQL> 
表已更改。

SQL> SQL> 
表已更改。

SQL> 从 Oracle Database 11g Enterprise Edition Release 11.2.0.1.0 - 64bit Production
With the Partitioning, OLAP, Data Mining and Real Application Testing options 断开
